Loading R/4.1.0-DS
  Loading requirement: intel/2020.4 R/4.1.0
Trying to install optparse in ./lib
Error in getopt_options(object, args) : 
  Error in getopt(spec = spec, opt = args) : 
  flag "chr" requires an argument
Calls: parse_args -> parse_options -> getopt_options
Execution halted
Trying to install optparse in ./lib
Error in getopt_options(object, args) : 
  Error in getopt(spec = spec, opt = args) : 
  flag "chr" requires an argument
Calls: parse_args -> parse_options -> getopt_options
Execution halted
Error in getopt_options(object, args) : 
  Error in getopt(spec = spec, opt = args) : 
  flag "chr" requires an argument
Calls: parse_args -> parse_options -> getopt_options
Execution halted
Trying to install optparse in ./lib
Error in getopt_options(object, args) : 
  Error in getopt(spec = spec, opt = args) : 
  flag "chr" requires an argument
Calls: parse_args -> parse_options -> getopt_options
Execution halted
Error in getopt_options(object, args) : 
  Error in getopt(spec = spec, opt = args) : 
  flag "chr" requires an argument
Calls: parse_args -> parse_options -> getopt_options
Execution halted
Trying to install optparse in ./lib
Error in getopt_options(object, args) : 
  Error in getopt(spec = spec, opt = args) : 
  flag "chr" requires an argument
Calls: parse_args -> parse_options -> getopt_options
Execution halted
Error in getopt_options(object, args) : 
  Error in getopt(spec = spec, opt = args) : 
  flag "chr" requires an argument
Calls: parse_args -> parse_options -> getopt_options
Execution halted
Trying to install optparse in ./lib
Error in getopt_options(object, args) : 
  Error in getopt(spec = spec, opt = args) : 
  flag "chr" requires an argument
Calls: parse_args -> parse_options -> getopt_options
Execution halted
