Loading R/4.1.0-DS
  Loading requirement: intel/2020.4 R/4.1.0
PRSice 2.3.4 (2020-09-01) 
https://github.com/choishingwan/PRSice
(C) 2016-2020 Shing Wan (Sam) Choi and Paul F. O'Reilly
GNU General Public License v3
If you use PRSice in any published work, please cite:
Choi SW, O'Reilly PF.
PRSice-2: Polygenic Risk Score Software for Biobank-Scale Data.
GigaScience 8, no. 7 (July 1, 2019)
2021-12-03 20:41:19
../cc_prs/PRSice/bin/PRSice \
    --a1 A2 \
    --a2 A1 \
    --bar-levels 1e-08,5e-08,1e-07,1e-06,1e-05,0.0001,0.001,0.01,0.02,0.03,0.04,0.05,1 \
    --base fix2.Lifted.common.heart_arrhythmia.txt \
    --beta  \
    --binary-target T \
    --bp BP \
    --chr CHR \
    --clump-kb 250kb \
    --clump-p 1.000000 \
    --clump-r2 0.100000 \
    --interval 5e-05 \
    --lower 5e-08 \
    --nonfounders  \
    --num-auto 22 \
    --out eur100_HEART_ARR \
    --perm 10000 \
    --pheno pheno.txt \
    --pheno-col PHENO \
    --print-snp  \
    --pvalue P \
    --seed 5 \
    --snp SNP \
    --stat BETA \
    --target eur100 \
    --thread 1 \
    --upper 0.5

[1;33mWarning: A1 not found in base file [0m
[1;31mError: A2 not found in base file [0m
[1;31mError: Column for the effective allele must be provided! [0m

Warning: A1 not found in base file
Error: A2 not found in base file
Error: Column for the effective allele must be provided!

Error: 
Execution halted
PRSice 2.3.4 (2020-09-01) 
https://github.com/choishingwan/PRSice
(C) 2016-2020 Shing Wan (Sam) Choi and Paul F. O'Reilly
GNU General Public License v3
If you use PRSice in any published work, please cite:
Choi SW, O'Reilly PF.
PRSice-2: Polygenic Risk Score Software for Biobank-Scale Data.
GigaScience 8, no. 7 (July 1, 2019)
2021-12-03 20:41:20
../cc_prs/PRSice/bin/PRSice \
    --a1 A2 \
    --a2 A1 \
    --bar-levels 1e-08,5e-08,1e-07,1e-06,1e-05,0.0001,0.001,0.01,0.02,0.03,0.04,0.05,1 \
    --base fix2.Lifted.common.heart_arrhythmia.txt \
    --beta  \
    --binary-target T \
    --bp BP \
    --chr CHR \
    --clump-kb 250kb \
    --clump-p 1.000000 \
    --clump-r2 0.100000 \
    --extract eur100_HEART_ARR.valid \
    --interval 5e-05 \
    --lower 5e-08 \
    --nonfounders  \
    --num-auto 22 \
    --out eur100_HEART_ARR \
    --perm 10000 \
    --pheno pheno.txt \
    --pheno-col PHENO \
    --print-snp  \
    --pvalue P \
    --seed 5 \
    --snp SNP \
    --stat BETA \
    --target eur100 \
    --thread 1 \
    --upper 0.5

[1;33mWarning: A1 not found in base file [0m
[1;31mError: A2 not found in base file [0m
[1;31mError: Column for the effective allele must be provided! [0m

Warning: A1 not found in base file
Error: A2 not found in base file
Error: Column for the effective allele must be provided!

Error: 
Execution halted
PRSice 2.3.4 (2020-09-01) 
https://github.com/choishingwan/PRSice
(C) 2016-2020 Shing Wan (Sam) Choi and Paul F. O'Reilly
GNU General Public License v3
If you use PRSice in any published work, please cite:
Choi SW, O'Reilly PF.
PRSice-2: Polygenic Risk Score Software for Biobank-Scale Data.
GigaScience 8, no. 7 (July 1, 2019)
2021-12-03 20:41:22
../cc_prs/PRSice/bin/PRSice \
    --a1 A2 \
    --a2 A1 \
    --bar-levels 1e-08,5e-08,1e-07,1e-06,1e-05,0.0001,0.001,0.01,0.02,0.03,0.04,0.05,1 \
    --base fix2.Lifted.common.abnormalities_of_heart_beat.txt \
    --beta  \
    --binary-target T \
    --bp BP \
    --chr CHR \
    --clump-kb 250kb \
    --clump-p 1.000000 \
    --clump-r2 0.100000 \
    --interval 5e-05 \
    --lower 5e-08 \
    --nonfounders  \
    --num-auto 22 \
    --out eur100_HEART_BEAT \
    --perm 10000 \
    --pheno pheno.txt \
    --pheno-col PHENO \
    --print-snp  \
    --pvalue P \
    --seed 5 \
    --snp SNP \
    --stat BETA \
    --target eur100 \
    --thread 1 \
    --upper 0.5

[1;33mWarning: A1 not found in base file [0m
[1;31mError: A2 not found in base file [0m
[1;31mError: Column for the effective allele must be provided! [0m

Warning: A1 not found in base file
Error: A2 not found in base file
Error: Column for the effective allele must be provided!

Error: 
Execution halted
PRSice 2.3.4 (2020-09-01) 
https://github.com/choishingwan/PRSice
(C) 2016-2020 Shing Wan (Sam) Choi and Paul F. O'Reilly
GNU General Public License v3
If you use PRSice in any published work, please cite:
Choi SW, O'Reilly PF.
PRSice-2: Polygenic Risk Score Software for Biobank-Scale Data.
GigaScience 8, no. 7 (July 1, 2019)
2021-12-03 20:41:23
../cc_prs/PRSice/bin/PRSice \
    --a1 A2 \
    --a2 A1 \
    --bar-levels 1e-08,5e-08,1e-07,1e-06,1e-05,0.0001,0.001,0.01,0.02,0.03,0.04,0.05,1 \
    --base fix2.Lifted.common.abnormalities_of_heart_beat.txt \
    --beta  \
    --binary-target T \
    --bp BP \
    --chr CHR \
    --clump-kb 250kb \
    --clump-p 1.000000 \
    --clump-r2 0.100000 \
    --extract eur100_HEART_BEAT.valid \
    --interval 5e-05 \
    --lower 5e-08 \
    --nonfounders  \
    --num-auto 22 \
    --out eur100_HEART_BEAT \
    --perm 10000 \
    --pheno pheno.txt \
    --pheno-col PHENO \
    --print-snp  \
    --pvalue P \
    --seed 5 \
    --snp SNP \
    --stat BETA \
    --target eur100 \
    --thread 1 \
    --upper 0.5

[1;33mWarning: A1 not found in base file [0m
[1;31mError: A2 not found in base file [0m
[1;31mError: Column for the effective allele must be provided! [0m

Warning: A1 not found in base file
Error: A2 not found in base file
Error: Column for the effective allele must be provided!

Error: 
Execution halted
PRSice 2.3.4 (2020-09-01) 
https://github.com/choishingwan/PRSice
(C) 2016-2020 Shing Wan (Sam) Choi and Paul F. O'Reilly
GNU General Public License v3
If you use PRSice in any published work, please cite:
Choi SW, O'Reilly PF.
PRSice-2: Polygenic Risk Score Software for Biobank-Scale Data.
GigaScience 8, no. 7 (July 1, 2019)
2021-12-03 20:41:25
../cc_prs/PRSice/bin/PRSice \
    --a1 A2 \
    --a2 A1 \
    --bar-levels 1e-08,5e-08,1e-07,1e-06,1e-05,0.0001,0.001,0.01,0.02,0.03,0.04,0.05,1 \
    --base fix2.Lifted.common.heart_valve_problem_or_heart_murmur.txt \
    --beta  \
    --binary-target T \
    --bp BP \
    --chr CHR \
    --clump-kb 250kb \
    --clump-p 1.000000 \
    --clump-r2 0.100000 \
    --interval 5e-05 \
    --lower 5e-08 \
    --nonfounders  \
    --num-auto 22 \
    --out eur100_HEART_VALVE \
    --perm 10000 \
    --pheno pheno.txt \
    --pheno-col PHENO \
    --print-snp  \
    --pvalue P \
    --seed 5 \
    --snp SNP \
    --stat BETA \
    --target eur100 \
    --thread 1 \
    --upper 0.5

[1;33mWarning: A1 not found in base file [0m
[1;31mError: A2 not found in base file [0m
[1;31mError: Column for the effective allele must be provided! [0m

Warning: A1 not found in base file
Error: A2 not found in base file
Error: Column for the effective allele must be provided!

Error: 
Execution halted
PRSice 2.3.4 (2020-09-01) 
https://github.com/choishingwan/PRSice
(C) 2016-2020 Shing Wan (Sam) Choi and Paul F. O'Reilly
GNU General Public License v3
If you use PRSice in any published work, please cite:
Choi SW, O'Reilly PF.
PRSice-2: Polygenic Risk Score Software for Biobank-Scale Data.
GigaScience 8, no. 7 (July 1, 2019)
2021-12-03 20:41:26
../cc_prs/PRSice/bin/PRSice \
    --a1 A2 \
    --a2 A1 \
    --bar-levels 1e-08,5e-08,1e-07,1e-06,1e-05,0.0001,0.001,0.01,0.02,0.03,0.04,0.05,1 \
    --base fix2.Lifted.common.heart_valve_problem_or_heart_murmur.txt \
    --beta  \
    --binary-target T \
    --bp BP \
    --chr CHR \
    --clump-kb 250kb \
    --clump-p 1.000000 \
    --clump-r2 0.100000 \
    --extract eur100_HEART_VALVE.valid \
    --interval 5e-05 \
    --lower 5e-08 \
    --nonfounders  \
    --num-auto 22 \
    --out eur100_HEART_VALVE \
    --perm 10000 \
    --pheno pheno.txt \
    --pheno-col PHENO \
    --print-snp  \
    --pvalue P \
    --seed 5 \
    --snp SNP \
    --stat BETA \
    --target eur100 \
    --thread 1 \
    --upper 0.5

[1;33mWarning: A1 not found in base file [0m
[1;31mError: A2 not found in base file [0m
[1;31mError: Column for the effective allele must be provided! [0m

Warning: A1 not found in base file
Error: A2 not found in base file
Error: Column for the effective allele must be provided!

Error: 
Execution halted
